<?xml version="1.0" encoding="UTF-8"?>
<!-- Generated by org.testng.reporters.JUnitReportReporter -->
<testsuite skipped="1" hostname="DESKTOP-TKK5GPG" name="com.rediff.hybrid.newtestcases.PortfolioManagement" tests="3" failures="0" timestamp="2021-05-15T08:29:41 EDT" time="0.165" errors="1">
  <testcase name="selectPortfolio" time="0.161" classname="com.rediff.hybrid.newtestcases.PortfolioManagement"/>
  <system-out/>
  <testcase name="quit" time="0.004" classname="com.rediff.hybrid.newtestcases.PortfolioManagement">
    <error type="java.lang.NullPointerException">
      <![CDATA[java.lang.NullPointerException
at com.rediff.hybrid.base.BaseTest.quit(BaseTest.java:104)
at sun.reflect.NativeMethodAccessorImpl.invoke0(Native Method)
at sun.reflect.NativeMethodAccessorImpl.invoke(NativeMethodAccessorImpl.java:62)
at sun.reflect.DelegatingMethodAccessorImpl.invoke(DelegatingMethodAccessorImpl.java:43)
at java.lang.reflect.Method.invoke(Method.java:498)
at org.testng.internal.MethodInvocationHelper.invokeMethod(MethodInvocationHelper.java:133)
at org.testng.internal.MethodInvocationHelper.invokeMethodConsideringTimeout(MethodInvocationHelper.java:62)
at org.testng.internal.ConfigInvoker.invokeConfigurationMethod(ConfigInvoker.java:385)
at org.testng.internal.ConfigInvoker.invokeConfigurations(ConfigInvoker.java:321)
at org.testng.TestRunner.invokeTestConfigurations(TestRunner.java:637)
at org.testng.TestRunner.afterRun(TestRunner.java:877)
at org.testng.TestRunner.run(TestRunner.java:599)
at org.testng.SuiteRunner.runTest(SuiteRunner.java:377)
at org.testng.SuiteRunner.runSequentially(SuiteRunner.java:371)
at org.testng.SuiteRunner.privateRun(SuiteRunner.java:332)
at org.testng.SuiteRunner.run(SuiteRunner.java:276)
at org.testng.SuiteRunnerWorker.runSuite(SuiteRunnerWorker.java:53)
at org.testng.SuiteRunnerWorker.run(SuiteRunnerWorker.java:96)
at org.testng.TestNG.runSuitesSequentially(TestNG.java:1212)
at org.testng.TestNG.runSuitesLocally(TestNG.java:1134)
at org.testng.TestNG.runSuites(TestNG.java:1063)
at org.testng.TestNG.run(TestNG.java:1031)
at runner.TestNGRunner.run(TestNGRunner.java:79)
at runner.JSONRunner.main(JSONRunner.java:149)
]]>
    </error>
  </testcase> <!-- quit -->
  <system-out/>
  <testcase name="selectPortfolio" time="0.000" classname="com.rediff.hybrid.newtestcases.PortfolioManagement">
    <skipped/>
  </testcase> <!-- selectPortfolio -->
  <system-out/>
</testsuite> <!-- com.rediff.hybrid.newtestcases.PortfolioManagement -->
