<?xml version="1.0" encoding="UTF-8"?>
<!-- Generated by org.testng.reporters.JUnitReportReporter -->
<testsuite skipped="4" hostname="DESKTOP-TKK5GPG" name="com.rediff.hybrid.newtestcases.StockManagement" tests="8" failures="0" timestamp="2021-05-15T08:29:41 EDT" time="95.752" errors="0">
  <testcase name="verifyStockPresent" time="0.019" classname="com.rediff.hybrid.newtestcases.StockManagement">
    <skipped/>
  </testcase> <!-- verifyStockPresent -->
  <system-out/>
  <testcase name="verifyTransactionHistory" time="0.017" classname="com.rediff.hybrid.newtestcases.StockManagement">
    <skipped/>
  </testcase> <!-- verifyTransactionHistory -->
  <system-out/>
  <testcase name="verifyStockQuantity" time="0.001" classname="com.rediff.hybrid.newtestcases.StockManagement">
    <skipped/>
  </testcase> <!-- verifyStockQuantity -->
  <system-out/>
  <testcase name="verifyStockPresent" time="5.477" classname="com.rediff.hybrid.newtestcases.StockManagement"/>
  <system-out/>
  <testcase name="verifyStockQuantity" time="5.323" classname="com.rediff.hybrid.newtestcases.StockManagement"/>
  <system-out/>
  <testcase name="addNewStock" time="0.001" classname="com.rediff.hybrid.newtestcases.StockManagement">
    <skipped/>
  </testcase> <!-- addNewStock -->
  <system-out/>
  <testcase name="addNewStock" time="84.914" classname="com.rediff.hybrid.newtestcases.StockManagement"/>
  <system-out/>
  <testcase name="verifyTransactionHistory" time="0.000" classname="com.rediff.hybrid.newtestcases.StockManagement"/>
  <system-out/>
</testsuite> <!-- com.rediff.hybrid.newtestcases.StockManagement -->
